GROUP,PACKAGE,CLASS,INSTRUCTION_MISSED,INSTRUCTION_COVERED,BRANCH_MISSED,BRANCH_COVERED,LINE_MISSED,LINE_COVERED,COMPLEXITY_MISSED,COMPLEXITY_COVERED,METHOD_MISSED,METHOD_COVERED
spring-boot-server,com.batyuta.challenge.lottoland.enums,StatusEnum,0,56,0,4,0,15,0,8,0,5
spring-boot-server,com.batyuta.challenge.lottoland.enums,SignEnum,4,35,0,0,1,8,1,3,1,3
spring-boot-server,com.batyuta.challenge.lottoland.enums,I18n,21,20,0,0,4,6,0,2,0,2
spring-boot-server,com.batyuta.challenge.lottoland.enums,SignEnum.new SignEnum() {...},4,22,1,5,1,7,1,5,0,2
spring-boot-server,com.batyuta.challenge.lottoland.enums,SignEnum.new SignEnum() {...},4,22,1,5,1,7,1,5,0,2
spring-boot-server,com.batyuta.challenge.lottoland.enums,SignEnum.new SignEnum() {...},4,22,1,5,1,7,1,5,0,2
spring-boot-server,com.batyuta.challenge.lottoland.vo,BaseVO,5,9,0,0,2,4,1,2,1,2
spring-boot-server,com.batyuta.challenge.lottoland.vo,ErrorBody,143,64,32,2,3,15,22,9,5,9
spring-boot-server,com.batyuta.challenge.lottoland.vo,UserVO,23,0,0,0,5,0,3,0,3,0
spring-boot-server,com.batyuta.challenge.lottoland.vo,RoundVO,0,56,0,0,0,11,0,6,0,6
spring-boot-server,com.batyuta.challenge.lottoland.vo,RestResponse,179,71,36,0,4,16,24,9,6,9
spring-boot-server,com.batyuta.challenge.lottoland.vo,LogEntryData,268,103,60,8,5,18,40,9,7,8
spring-boot-server,com.batyuta.challenge.lottoland.vo,StatisticsVO,0,54,0,0,0,11,0,6,0,6
spring-boot-server,com.batyuta.challenge.lottoland.service,AbstractEntityService,58,12,0,0,11,4,7,2,7,2
spring-boot-server,com.batyuta.challenge.lottoland.service,MessageResolverService,0,39,0,2,0,10,0,3,0,2
spring-boot-server,com.batyuta.challenge.lottoland.service,RoundEntityService,14,86,1,1,4,17,3,10,2,10
spring-boot-server,com.batyuta.challenge.lottoland.service,RoundLightweightService,21,21,3,1,5,4,3,2,1,2
spring-boot-server,com.batyuta.challenge.lottoland.service,LightweightService,33,8,0,0,7,2,2,1,2,1
spring-boot-server,com.batyuta.challenge.lottoland.service,UserLightweightService,25,3,4,0,6,1,4,1,2,1
spring-boot-server,com.batyuta.challenge.lottoland.service,UserEntityService,10,26,1,1,4,8,2,2,1,2
spring-boot-server,com.batyuta.challenge.lottoland.repository,PropertyValueUtilsBean,22,7,0,0,3,3,1,1,1,1
spring-boot-server,com.batyuta.challenge.lottoland.repository,BaseEntityRepository,208,147,8,10,40,28,27,20,22,16
spring-boot-server,com.batyuta.challenge.lottoland.repository,UserEntityRepository,12,33,2,0,2,5,2,5,1,5
spring-boot-server,com.batyuta.challenge.lottoland.repository,RoundEntityRepository,0,153,2,14,0,32,2,20,0,14
spring-boot-server,com.batyuta.challenge.lottoland.repository,SortComparator,57,30,10,3,17,10,9,3,2,3
spring-boot-server,com.batyuta.challenge.lottoland.repository,BaseDataEntityRepository,16,76,2,2,5,15,4,7,2,7
spring-boot-server,com.batyuta.challenge.lottoland.web,RestMessageController,0,20,0,2,0,7,0,3,0,2
spring-boot-server,com.batyuta.challenge.lottoland.web,RestErrorController,25,45,4,4,5,12,4,3,0,3
spring-boot-server,com.batyuta.challenge.lottoland.web,RestExceptionHandler,47,10,0,0,11,5,4,2,4,2
spring-boot-server,com.batyuta.challenge.lottoland.web,RestRoundController,12,81,1,1,3,17,1,5,0,5
spring-boot-server,com.batyuta.challenge.lottoland.web,RestResponseAdvise,7,43,5,5,1,14,4,4,0,3
spring-boot-server,com.batyuta.challenge.lottoland.web,RestUserController,0,5,0,0,0,2,0,1,0,1
spring-boot-server,com.batyuta.challenge.lottoland.web,FromMdcFilter,6,46,1,1,2,14,1,5,0,5
spring-boot-server,com.batyuta.challenge.lottoland.web,HomeController,0,5,0,0,0,2,0,2,0,2
spring-boot-server,com.batyuta.challenge.lottoland.web,AbstractController,178,32,12,4,35,12,16,3,8,3
spring-boot-server,com.batyuta.challenge.lottoland.config,LocaleConfiguration,0,18,0,0,0,6,0,2,0,2
spring-boot-server,com.batyuta.challenge.lottoland.config,ExposedResourceMessageBundleSource,0,8,0,0,0,2,0,2,0,2
spring-boot-server,com.batyuta.challenge.lottoland.config,SortComparatorFactory,0,8,0,0,0,2,0,2,0,2
spring-boot-server,com.batyuta.challenge.lottoland.config,FilterConfig,0,34,0,0,0,10,0,3,0,3
spring-boot-server,com.batyuta.challenge.lottoland.config,WebMvcEndpointHandler,6,64,4,2,0,15,3,3,0,3
spring-boot-server,com.batyuta.challenge.lottoland.config,SecurityConfig,0,40,0,0,0,8,0,3,0,3
spring-boot-server,com.batyuta.challenge.lottoland.converter,UserConverter,0,11,0,0,0,4,0,2,0,2
spring-boot-server,com.batyuta.challenge.lottoland.converter,JsonConverter.new SimpleModule() {...},0,10,0,0,0,3,0,1,0,1
spring-boot-server,com.batyuta.challenge.lottoland.converter,JsonConverter,41,102,5,9,7,24,5,9,0,7
spring-boot-server,com.batyuta.challenge.lottoland.converter,HttpStatusSerializer,0,23,0,0,0,9,0,2,0,2
spring-boot-server,com.batyuta.challenge.lottoland.converter,SortConverter,0,37,2,2,0,10,2,2,0,2
spring-boot-server,com.batyuta.challenge.lottoland.converter,JsonConverter.HttpStatusDeserializer,0,21,0,0,0,7,0,2,0,2
spring-boot-server,com.batyuta.challenge.lottoland.concurrency,LockedData,15,52,4,2,3,15,3,5,0,5
spring-boot-server,com.batyuta.challenge.lottoland.model,RoundEntity,0,115,0,0,0,23,0,13,0,13
spring-boot-server,com.batyuta.challenge.lottoland.model,NamedEntity,0,22,0,0,0,5,0,3,0,3
spring-boot-server,com.batyuta.challenge.lottoland.model,BaseEntity,0,42,0,2,0,9,0,8,0,7
spring-boot-server,com.batyuta.challenge.lottoland.model,UserEntity,0,48,0,0,0,13,0,5,0,5
spring-boot-server,com.batyuta.challenge.lottoland.exception,ApplicationException,0,12,0,0,0,4,0,2,0,2
spring-boot-server,com.batyuta.challenge.lottoland.exception,BaseException,0,27,0,2,0,7,0,4,0,3
spring-boot-server,com.batyuta.challenge.lottoland.exception,DataException,0,12,0,0,0,4,0,2,0,2
spring-boot-server,com.batyuta.challenge.lottoland.aspect,LogEntryAspect,21,83,3,3,10,26,5,6,2,4
spring-boot-server,com.batyuta.challenge.lottoland.utils,PageableUtils,0,22,0,8,0,6,0,5,0,1
